# JRE version: Java(TM) SE Runtime Environment (11.0.2+9) (build 11.0.2+9-LTS)
# Java VM: Java HotSpot(TM) 64-Bit Server VM (11.0.2+9-LTS, mixed mode, tiered, compressed oops, g1 gc, bsd-amd64)
Heap:
 garbage-first heap   total 131072K, used 41407K [0x0000000780000000, 0x0000000800000000)
  region size 1024K, 29 young (29696K), 9 survivors (9216K)
 Metaspace       used 38646K, capacity 40078K, committed 40368K, reserved 1083392K
  class space    used 4997K, capacity 5600K, committed 5632K, reserved 1048576K
GC Heap History (8 events):
Event: 0.599 GC heap before
{Heap before GC invocations=0 (full 0):
 garbage-first heap   total 131072K, used 23552K [0x0000000780000000, 0x0000000800000000)
  region size 1024K, 24 young (24576K), 0 survivors (0K)
 Metaspace       used 12792K, capacity 13042K, committed 13440K, reserved 1060864K
  class space    used 1323K, capacity 1389K, committed 1408K, reserved 1048576K
}
Event: 0.604 GC heap after
{Heap after GC invocations=1 (full 0):
 garbage-first heap   total 131072K, used 3392K [0x0000000780000000, 0x0000000800000000)
  region size 1024K, 3 young (3072K), 3 survivors (3072K)
 Metaspace       used 12792K, capacity 13042K, committed 13440K, reserved 1060864K
  class space    used 1323K, capacity 1389K, committed 1408K, reserved 1048576K
}
Event: 1.331 GC heap before
{Heap before GC invocations=1 (full 0):
 garbage-first heap   total 131072K, used 47424K [0x0000000780000000, 0x0000000800000000)
  region size 1024K, 47 young (48128K), 3 survivors (3072K)
 Metaspace       used 20527K, capacity 20797K, committed 21296K, reserved 1069056K
  class space    used 2221K, capacity 2318K, committed 2432K, reserved 1048576K
}
Event: 1.343 GC heap after
{Heap after GC invocations=2 (full 0):
 garbage-first heap   total 131072K, used 6608K [0x0000000780000000, 0x0000000800000000)
  region size 1024K, 7 young (7168K), 7 survivors (7168K)
 Metaspace       used 20527K, capacity 20797K, committed 21296K, reserved 1069056K
  class space    used 2221K, capacity 2318K, committed 2432K, reserved 1048576K
}
Event: 2.270 GC heap before
{Heap before GC invocations=3 (full 0):
 garbage-first heap   total 131072K, used 60880K [0x0000000780000000, 0x0000000800000000)
  region size 1024K, 61 young (62464K), 7 survivors (7168K)
 Metaspace       used 28067K, capacity 28836K, committed 29104K, reserved 1075200K
  class space    used 3192K, capacity 3481K, committed 3584K, reserved 1048576K
}
Event: 2.280 GC heap after
{Heap after GC invocations=4 (full 0):
 garbage-first heap   total 131072K, used 11414K [0x0000000780000000, 0x0000000800000000)
  region size 1024K, 8 young (8192K), 8 survivors (8192K)
 Metaspace       used 28067K, capacity 28836K, committed 29104K, reserved 1075200K
  class space    used 3192K, capacity 3481K, committed 3584K, reserved 1048576K
}
Event: 2.973 GC heap before
{Heap before GC invocations=4 (full 0):
 garbage-first heap   total 131072K, used 34966K [0x0000000780000000, 0x0000000800000000)
  region size 1024K, 32 young (32768K), 8 survivors (8192K)
 Metaspace       used 34591K, capacity 35776K, committed 35920K, reserved 1081344K
  class space    used 4378K, capacity 4841K, committed 4864K, reserved 1048576K
}
Event: 2.983 GC heap after
{Heap after GC invocations=5 (full 0):
 garbage-first heap   total 131072K, used 14783K [0x0000000780000000, 0x0000000800000000)
  region size 1024K, 9 young (9216K), 9 survivors (9216K)
 Metaspace       used 34591K, capacity 35776K, committed 35920K, reserved 1081344K
  class space    used 4378K, capacity 4841K, committed 4864K, reserved 1048576K
}

